{"/Users/pennywise/Documents/GitHub/feb-t3w2-jest/src/diceRolling.js": {"path":"/Users/pennywise/Documents/GitHub/feb-t3w2-jest/src/diceRolling.js","statementMap":{"0":{"start":{"line":1,"column":0},"end":{"line":1,"column":27}},"1":{"start":{"line":4,"column":0},"end":{"line":4,"column":70}},"2":{"start":{"line":5,"column":0},"end":{"line":5,"column":61}},"3":{"start":{"line":13,"column":20},"end":{"line":13,"column":60}},"4":{"start":{"line":15,"column":4},"end":{"line":15,"column":21}},"5":{"start":{"line":19,"column":14},"end":{"line":22,"column":2}},"6":{"start":{"line":24,"column":4},"end":{"line":27,"column":6}},"7":{"start":{"line":32,"column":4},"end":{"line":32,"column":51}},"8":{"start":{"line":35,"column":1},"end":{"line":35,"column":15}},"9":{"start":{"line":39,"column":14},"end":{"line":42,"column":2}},"10":{"start":{"line":44,"column":4},"end":{"line":47,"column":6}},"11":{"start":{"line":52,"column":4},"end":{"line":52,"column":51}},"12":{"start":{"line":55,"column":1},"end":{"line":55,"column":15}},"13":{"start":{"line":58,"column":0},"end":{"line":62,"column":1}}},"fnMap":{"0":{"name":"rollDice","decl":{"start":{"line":7,"column":9},"end":{"line":7,"column":17}},"loc":{"start":{"line":7,"column":32},"end":{"line":16,"column":1}},"line":7},"1":{"name":"rollDiceWithDisadvantage","decl":{"start":{"line":18,"column":9},"end":{"line":18,"column":33}},"loc":{"start":{"line":18,"column":47},"end":{"line":36,"column":1}},"line":18},"2":{"name":"rollDiceWithAdvantage","decl":{"start":{"line":38,"column":9},"end":{"line":38,"column":30}},"loc":{"start":{"line":38,"column":44},"end":{"line":56,"column":1}},"line":38}},"branchMap":{"0":{"loc":{"start":{"line":7,"column":18},"end":{"line":7,"column":30}},"type":"default-arg","locations":[{"start":{"line":7,"column":29},"end":{"line":7,"column":30}}],"line":7},"1":{"loc":{"start":{"line":18,"column":34},"end":{"line":18,"column":46}},"type":"default-arg","locations":[{"start":{"line":18,"column":45},"end":{"line":18,"column":46}}],"line":18},"2":{"loc":{"start":{"line":38,"column":31},"end":{"line":38,"column":43}},"type":"default-arg","locations":[{"start":{"line":38,"column":42},"end":{"line":38,"column":43}}],"line":38}},"s":{"0":1,"1":1,"2":1,"3":112,"4":112,"5":1,"6":1,"7":1,"8":1,"9":1,"10":1,"11":1,"12":1,"13":1},"f":{"0":112,"1":1,"2":1},"b":{"0":[1],"1":[0],"2":[0]},"_coverageSchema":"1a1c01bbd47fc00a2c39e90264f33305004495a9","hash":"fa76dd4f879bb01b920f6819d3a5466c72b99125"}
}
